make.exe all --print-data-base --no-builtin-variables --no-builtin-rules --question
# GNU Make 4.3
# Built for x86_64-pc-msys
# Copyright (C) 1988-2020 Free Software Foundation, Inc.
# License GPLv3+: GNU GPL version 3 or later <http://gnu.org/licenses/gpl.html>
# This is free software: you are free to change and redistribute it.
# There is NO WARRANTY, to the extent permitted by law.

# Make data base, printed on Thu Nov 18 09:57:10 2021

# Variables

# environment
FPS_BROWSER_APP_PROFILE_STRING = Internet Explorer
# environment
SYSTEMDRIVE = C:
# environment
JAVA_HOME = C:\Program Files\Java\jdk-15
# environment
LC_ALL = C
# environment
USERPROFILE = C:\Users\46739
# environment
LOCALAPPDATA = C:\Users\46739\AppData\Local
# environment
VSCODE_IPC_HOOK_EXTHOST = \\.\pipe\vscode-ipc-273a1dc0-cf0e-4356-af74-62b381b2c145-sock
# makefile (from 'Makefile', line 2)
SRC_DIR = src
# environment
VSCODE_CWD = C:\Users\46739\AppData\Local\Programs\Microsoft VS Code
# environment
CHOCOLATEYINSTALL = C:\ProgramData\chocolatey
# environment
SYSTEMROOT = C:\WINDOWS
# environment
PROCESSOR_LEVEL = 6
# environment
PSMODULEPATH = C:\Program Files\WindowsPowerShell\Modules;C:\WINDOWS\system32\WindowsPowerShell\v1.0\Modules
# environment
CMDER_ROOT = C:\Program Files\cmder
# default
MAKE_COMMAND := make
# automatic
@D = $(patsubst %/,%,$(dir $@))
# environment
CHROME_CRASHPAD_PIPE_NAME = \\.\pipe\crashpad_8148_SUQEDFSAMAPJYJRS
# environment
FPS_BROWSER_USER_PROFILE_STRING = Default
# environment
VSCODE_HANDLES_UNCAUGHT_ERRORS = true
# default
.VARIABLES := 
# automatic
%D = $(patsubst %/,%,$(dir $%))
# automatic
^D = $(patsubst %/,%,$(dir $^))
# environment
VSCODE_LOG_STACK = false
# automatic
%F = $(notdir $%)
# environment
VSCODE_CODE_CACHE_PATH = C:\Users\46739\AppData\Roaming\Code\CachedData\3a6960b964327f0e3882ce18fcebd07ed191b316
# environment
LANG = C
# default
.LOADED := 
# environment
TMP = /c/Users/46739/AppData/Local/Temp
# default
.INCLUDE_DIRS = /usr/include /usr/include
# makefile
MAKEFLAGS = pqrR
# environment
ONEDRIVE = C:\Users\46739\OneDrive
# makefile
CURDIR := /c/Users/46739/Desktop/University/HT21/CPROG/dev/CPROG_Labb3
# environment
VSCODE_PIPE_LOGGING = true
# environment
APPLICATION_INSIGHTS_NO_DIAGNOSTIC_CHANNEL = true
# automatic
*D = $(patsubst %/,%,$(dir $*))
# environment
PROGRAMFILES = C:\Program Files
# environment
MFLAGS = -pqrR
# default
.SHELLFLAGS := -c
# environment
!C: = c:\Users\46739\Desktop\University\HT21\CPROG\dev\CPROG_Labb3
# environment
COMMONPROGRAMW6432 = C:\Program Files\Common Files
# automatic
+D = $(patsubst %/,%,$(dir $+))
# makefile (from 'Makefile', line 1)
MAKEFILE_LIST := Makefile
# automatic
@F = $(notdir $@)
# environment
VSCODE_VERBOSE_LOGGING = true
# environment
VSCODE_PID = 8148
# automatic
?D = $(patsubst %/,%,$(dir $?))
# automatic
*F = $(notdir $*)
# makefile (from 'Makefile', line 8)
LIBRARY_PATHS = -LC/:msys64/mingw64/lib
# automatic
<D = $(patsubst %/,%,$(dir $<))
# environment
VSCODE_NLS_CONFIG = {"locale":"en-us","availableLanguages":{},"_languagePackSupport":true}
# environment
ONEDRIVECONSUMER = C:\Users\46739\OneDrive
# default
MAKE_HOST := x86_64-pc-msys
# environment
PROGRAMDATA = C:\ProgramData
# default
SHELL := /bin/sh
# environment
HOMEPATH = \Users\46739
# default
MAKECMDGOALS := all
# environment
DRIVERDATA = C:\Windows\System32\Drivers\DriverData
# environment
COMSPEC = C:\WINDOWS\system32\cmd.exe
# environment
WINDIR = C:\WINDOWS
# environment
MAKELEVEL := 0
# default
MAKE = $(MAKE_COMMAND)
# environment
PATH = /c/Python310/Scripts:/c/Python310:/c/Program Files/Common Files/Oracle/Java/javapath:/c/ProgramData/Anaconda3:/c/ProgramData/Anaconda3/Library/mingw-w64/bin:/c/ProgramData/Anaconda3/Library/usr/bin:/c/ProgramData/Anaconda3/Library/bin:/c/ProgramData/Anaconda3/Scripts:/c/Users/alpat/AppData/Roaming/Python/Python38/Scripts:/c/ProgramData/chocolatey/bin:/c/Program Files/NVIDIA Corporation/NVIDIA NvDLISR:/c/WINDOWS/system32:/c/Program Files/Git/cmd:/c/WINDOWS:/c/WINDOWS/System32/Wbem:/c/WINDOWS/System32/WindowsPowerShell/v1.0:/c/WINDOWS/System32/OpenSSH:/c/Program Files/Java/jdk-15/bin:/c/Program Files/apache-maven-3.8.2/bin:/c/Program Files/nodejs:/usr/bin:/mingw64/bin:/c/Program Files/mingw64/bin:/c/Users/46739/AppData/Local/Programs/Microsoft VS Code/bin:/c/Users/46739/AppData/Local/GitHubDesktop/bin
# environment
COMPUTERNAME = DESKTOP-OOML6A0
# default
MAKEFILES := 
# automatic
^F = $(notdir $^)
# environment
PYCHARM = C:\Program Files\JetBrains\PyCharm 2021.2\bin;
# environment
PROMPT = $P$G
# environment
INTELLIJ IDEA = C:\Program Files\JetBrains\IntelliJ IDEA 2020.2.3\bin;
# environment
LOGONSERVER = \\DESKTOP-OOML6A0
# environment
VSCODE_LOG_NATIVE = false
# environment
USERNAME = 46739
# environment
COMMONPROGRAMFILES = C:\Program Files\Common Files
# automatic
?F = $(notdir $?)
# environment
PROGRAMW6432 = C:\Program Files
# makefile (from 'Makefile', line 6)
OBJ_NAME = play
# environment
PATHEXT = .COM;.EXE;.BAT;.CMD;.VBS;.VBE;.JS;.JSE;.WSF;.WSH;.MSC;.PY;.PYW
# automatic
+F = $(notdir $+)
# environment
ORIGINAL_XDG_CURRENT_DESKTOP = undefined
# environment
USERDOMAIN = DESKTOP-OOML6A0
# 'override' directive
GNUMAKEFLAGS := 
# environment
OS = Windows_NT
# makefile
.DEFAULT_GOAL := all
# default
MAKE_VERSION := 4.3
# makefile (from 'Makefile', line 5)
SRC_FILES = $(wildcard $(SRC_DIR)/*.cpp)
# environment
PROGRAMFILES(X86) = C:\Program Files (x86)
# environment
USERDOMAIN_ROAMINGPROFILE = DESKTOP-OOML6A0
# environment
NUMBER_OF_PROCESSORS = 4
# environment
PUBLIC = C:\Users\Public
# makefile (from 'Makefile', line 9)
COMPILER_FLAGS = -std=c++17 -Wall -O0 -g
# environment
APPDATA = C:\Users\46739\AppData\Roaming
# environment
HOMEDRIVE = C:
# environment
PROCESSOR_ARCHITECTURE = AMD64
# environment
VSCODE_AMD_ENTRYPOINT = vs/workbench/services/extensions/node/extensionHostProcess
# makefile (from 'Makefile', line 3)
BUILD_DIR = build/debug
# environment
HOME = /home/46739
# environment
COMMONPROGRAMFILES(X86) = C:\Program Files (x86)\Common Files
# environment
ELECTRON_RUN_AS_NODE = 1
# environment
TEMP = /c/Users/46739/AppData/Local/Temp
# environment
VSCODE_IPC_HOOK = \\.\pipe\5734099c66124b37870b9fa6bc3588fe-1.62.2-main-sock
# environment
TERM = xterm-256color
# default
.RECIPEPREFIX := 
# automatic
<F = $(notdir $<)
# default
SUFFIXES := 
# environment
ALLUSERSPROFILE = C:\ProgramData
# environment
SESSIONNAME = Console
# default
.FEATURES := target-specific order-only second-expansion else-if shortest-stem undefine oneshell nocomment grouped-target extra-prereqs archives jobserver output-sync check-symlink load
# environment
PROCESSOR_REVISION = 5e03
# makefile (from 'Makefile', line 4)
CC = g++
# makefile (from 'Makefile', line 10)
LINKER_FLAGS = -lmingw32 -lSDL2main -lSDL2
# makefile (from 'Makefile', line 7)
INCLUDE_PATHS = -IC/:msys64/mingw64/include
# environment
PROCESSOR_IDENTIFIER = Intel64 Family 6 Model 94 Stepping 3, GenuineIntel
# variable set hash-table stats:
# Load=111/1024=11%, Rehash=0, Collisions=13/150=9%

# Pattern-specific Variable Values

# No pattern-specific variable values.

# Directories

# src (device 1546775529, inode 19703248370034434): 5 files, no impossibilities.
# . (device 1546775529, inode 5066549580889435): 11 files, no impossibilities.

# 16 files, no impossibilities in 2 directories.

# Implicit Rules

# No implicit rules.

# Files

# Not a target:
Makefile:
#  Implicit rule search has been done.
#  Last modified 2021-11-16 12:49:18.854956
#  File has been updated.
#  Successfully updated.

# Not a target:
.DEFAULT:
#  Implicit rule search has not been done.
#  Modification time never checked.
#  File has not been updated.

all:
#  Command line target.
#  Implicit rule search has not been done.
#  Implicit/static pattern stem: ''
#  File does not exist.
#  File has been updated.
#  Needs to be updated (-q is set).
# automatic
# @ := all
# automatic
# * := 
# automatic
# < := 
# automatic
# + := 
# automatic
# % := 
# automatic
# ^ := 
# automatic
# ? := 
# automatic
# | := 
# variable set hash-table stats:
# Load=8/32=25%, Rehash=0, Collisions=9/20=45%
#  recipe to execute (from 'Makefile', line 13):
	$(CC) $(COMPILER_FLAGS) $(INCLUDE_PATHS) $(LIBRARY_PATHS) $(SRC_FILES) $(LINKER_FLAGS) -o $(BUILD_DIR)/$(OBJ_NAME)
	

# Not a target:
.SUFFIXES:
#  Implicit rule search has not been done.
#  Modification time never checked.
#  File has not been updated.

# files hash-table stats:
# Load=4/1024=0%, Rehash=0, Collisions=0/16=0%
# VPATH Search Paths

# No 'vpath' search paths.

# No general ('VPATH' variable) search path.

# strcache buffers: 1 (0) / strings = 18 / storage = 136 B / avg = 7 B
# current buf: size = 8162 B / used = 136 B / count = 18 / avg = 7 B

# strcache performance: lookups = 28 / hit rate = 35%
# hash-table stats:
# Load=18/8192=0%, Rehash=0, Collisions=0/28=0%
# Finished Make data base on Thu Nov 18 09:57:10 2021

 
